<?xml version="1.0" encoding="UTF-8"?>
<testsuite xmlns:xsi="http://www.w3.org/2001/XMLSchema-instance" xsi:noNamespaceSchemaLocation="https://maven.apache.org/surefire/maven-surefire-plugin/xsd/surefire-test-report-3.0.xsd" version="3.0" name="una.eif206.reservas.servicio.LoginServiceTest" time="0.278" tests="6" errors="0" skipped="0" failures="0">
  <properties>
[...]
</properties>
  <testcase name="autenticarFuncionarioExitoso" classname="una.eif206.reservas.servicio.LoginServiceTest" time="0.146"/>
  <testcase name="autenticarAdminExitoso" classname="una.eif206.reservas.servicio.LoginServiceTest" time="0.003"/>
  <testcase name="cambiarClaveExitoso" classname="una.eif206.reservas.servicio.LoginServiceTest" time="0.004"/>
  <testcase name="autenticarConClaveIncorrectaLanzaExcepcion" classname="una.eif206.reservas.servicio.LoginServiceTest" time="0.006"/>
  <testcase name="autenticarConIdVacioLanzaExcepcion" classname="una.eif206.reservas.servicio.LoginServiceTest" time="0.005"/>
  <testcase name="cambiarClaveConClaveActualIncorrectaLanzaExcepcion" classname="una.eif206.reservas.servicio.LoginServiceTest" time="0.004"/>
</testsuite>